<?xml version="1.0" encoding="UTF-8"?>
<testsuite name="treeMax.AppTest" tests="1" skipped="0" failures="0" errors="0" timestamp="2022-03-30T09:09:47" hostname="ALAA-ALWAZANI" time="0.021">
  <properties/>
  <testcase name="MaxBTree()" classname="treeMax.AppTest" time="0.021"/>
  <system-out><![CDATA[]]></system-out>
  <system-err><![CDATA[]]></system-err>
</testsuite>
