<?xml version="1.0" encoding="UTF-8"?>
<testsuite name="breadth_first.AppTest" tests="1" skipped="0" failures="0" errors="0" timestamp="2022-04-03T09:11:18" hostname="ALAA-ALWAZANI" time="0.018">
  <properties/>
  <testcase name="BinarySearchTree()" classname="breadth_first.AppTest" time="0.018"/>
  <system-out><![CDATA[]]></system-out>
  <system-err><![CDATA[]]></system-err>
</testsuite>
