<?xml version="1.0" encoding="UTF-8"?>
<testsuite name="animal.shelter.AppTest" tests="1" skipped="0" failures="0" errors="0" timestamp="2022-03-21T09:51:09" hostname="ALAA-ALWAZANI" time="0.018">
  <properties/>
  <testcase name="RemoveNotCatDog()" classname="animal.shelter.AppTest" time="0.018"/>
  <system-out><![CDATA[]]></system-out>
  <system-err><![CDATA[]]></system-err>
</testsuite>
