<?xml version="1.0" encoding="UTF-8"?>
<testsuite name="tree.AppTest" tests="1" skipped="0" failures="0" errors="0" timestamp="2022-03-29T21:07:59" hostname="ALAA-ALWAZANI" time="0.021">
  <properties/>
  <testcase name="containsTest()" classname="tree.AppTest" time="0.021"/>
  <system-out><![CDATA[]]></system-out>
  <system-err><![CDATA[]]></system-err>
</testsuite>
