<?xml version="1.0" encoding="UTF-8"?>
<testsuite name="validate_brackets.AppTest" tests="1" skipped="0" failures="0" errors="0" timestamp="2022-03-24T18:43:37" hostname="ALAA-ALWAZANI" time="0.019">
  <properties/>
  <testcase name="TestValidateTrue()" classname="validate_brackets.AppTest" time="0.019"/>
  <system-out><![CDATA[]]></system-out>
  <system-err><![CDATA[]]></system-err>
</testsuite>
